<?xml version="1.0" encoding="UTF-8"?>
<!-- Generated by org.testng.reporters.JUnitReportReporter -->
<testsuite hostname="DESKTOP-EK2HHJG" failures="0" tests="1" name="com.sauce.demo.browserproject.ValidateLogin" time="5.812" errors="0" timestamp="24 May 2022 01:21:39 GMT" skipped="0">
  <testcase classname="com.sauce.demo.browserproject.ValidateLogin" name="validateUserLogin" time="5.812"/>
</testsuite> <!-- com.sauce.demo.browserproject.ValidateLogin -->
