<?xml version="1.0" encoding="UTF-8"?>
<!-- Generated by org.testng.reporters.JUnitReportReporter -->
<testsuite hostname="DESKTOP-EK2HHJG" failures="0" tests="1" name="com.sauce.demo.browserproject.ValidateCheckoutComplete" time="6.526" errors="0" timestamp="23 May 2022 16:02:48 GMT" skipped="0">
  <testcase classname="com.sauce.demo.browserproject.ValidateCheckoutComplete" name="validateCheckoutComplete" time="6.526"/>
</testsuite> <!-- com.sauce.demo.browserproject.ValidateCheckoutComplete -->
